<?xml version="1.0" encoding="UTF-8"?>
<testsuite xmlns:xsi="http://www.w3.org/2001/XMLSchema-instance" xsi:noNamespaceSchemaLocation="https://maven.apache.org/surefire/maven-surefire-plugin/xsd/surefire-test-report-3.0.xsd" version="3.0" name="TestSuite" time="11.334" tests="3" errors="0" skipped="0" failures="0">
  <properties>
    <property name="sun.desktop" value="windows"/>
    <property name="awt.toolkit" value="sun.awt.windows.WToolkit"/>
    <property name="file.encoding.pkg" value="sun.io"/>
    <property name="java.specification.version" value="1.8"/>
    <property name="sun.cpu.isalist" value="amd64"/>
    <property name="sun.jnu.encoding" value="Cp1252"/>
    <property name="java.class.path" value="D:\Eclipse\WorkSpace\GORESTAPIAUTOMATION\target\test-classes;D:\Eclipse\WorkSpace\GORESTAPIAUTOMATION\target\classes;C:\Users\IT99\.m2\repository\org\apache\poi\poi\4.1.1\poi-4.1.1.jar;C:\Users\IT99\.m2\repository\commons-codec\commons-codec\1.13\commons-codec-1.13.jar;C:\Users\IT99\.m2\repository\org\apache\commons\commons-collections4\4.4\commons-collections4-4.4.jar;C:\Users\IT99\.m2\repository\org\apache\commons\commons-math3\3.6.1\commons-math3-3.6.1.jar;C:\Users\IT99\.m2\repository\org\apache\poi\poi-ooxml\4.1.1\poi-ooxml-4.1.1.jar;C:\Users\IT99\.m2\repository\org\apache\commons\commons-compress\1.19\commons-compress-1.19.jar;C:\Users\IT99\.m2\repository\com\github\virtuald\curvesapi\1.06\curvesapi-1.06.jar;C:\Users\IT99\.m2\repository\org\apache\maven\plugins\maven-surefire-plugin\3.0.0-M5\maven-surefire-plugin-3.0.0-M5.jar;C:\Users\IT99\.m2\repository\org\apache\maven\surefire\maven-surefire-common\3.0.0-M5\maven-surefire-common-3.0.0-M5.jar;C:\Users\IT99\.m2\repository\org\apache\maven\surefire\surefire-api\3.0.0-M5\surefire-api-3.0.0-M5.jar;C:\Users\IT99\.m2\repository\org\apache\maven\surefire\surefire-logger-api\3.0.0-M5\surefire-logger-api-3.0.0-M5.jar;C:\Users\IT99\.m2\repository\org\apache\maven\surefire\surefire-extensions-api\3.0.0-M5\surefire-extensions-api-3.0.0-M5.jar;C:\Users\IT99\.m2\repository\org\apache\maven\surefire\surefire-booter\3.0.0-M5\surefire-booter-3.0.0-M5.jar;C:\Users\IT99\.m2\repository\org\apache\maven\surefire\surefire-extensions-spi\3.0.0-M5\surefire-extensions-spi-3.0.0-M5.jar;C:\Users\IT99\.m2\repository\org\apache\maven\maven-toolchain\3.0-alpha-2\maven-toolchain-3.0-alpha-2.jar;C:\Users\IT99\.m2\repository\org\apache\maven\shared\maven-artifact-transfer\0.11.0\maven-artifact-transfer-0.11.0.jar;C:\Users\IT99\.m2\repository\org\apache\maven\shared\maven-common-artifact-filters\3.0.1\maven-common-artifact-filters-3.0.1.jar;C:\Users\IT99\.m2\repository\org\apache\maven\maven-model\3.0\maven-model-3.0.jar;C:\Users\IT99\.m2\repository\org\apache\maven\maven-plugin-api\3.0\maven-plugin-api-3.0.jar;C:\Users\IT99\.m2\repository\org\sonatype\sisu\sisu-inject-plexus\1.4.2\sisu-inject-plexus-1.4.2.jar;C:\Users\IT99\.m2\repository\org\codehaus\plexus\plexus-classworlds\2.2.3\plexus-classworlds-2.2.3.jar;C:\Users\IT99\.m2\repository\org\sonatype\sisu\sisu-inject-bean\1.4.2\sisu-inject-bean-1.4.2.jar;C:\Users\IT99\.m2\repository\org\sonatype\sisu\sisu-guice\2.1.7\sisu-guice-2.1.7-noaop.jar;C:\Users\IT99\.m2\repository\org\apache\maven\shared\maven-shared-utils\3.1.0\maven-shared-utils-3.1.0.jar;C:\Users\IT99\.m2\repository\org\codehaus\plexus\plexus-java\1.0.5\plexus-java-1.0.5.jar;C:\Users\IT99\.m2\repository\org\ow2\asm\asm\7.2\asm-7.2.jar;C:\Users\IT99\.m2\repository\com\thoughtworks\qdox\qdox\2.0-M9\qdox-2.0-M9.jar;C:\Users\IT99\.m2\repository\org\apache\maven\surefire\surefire-shared-utils\3.0.0-M4\surefire-shared-utils-3.0.0-M4.jar;C:\Users\IT99\.m2\repository\commons-io\commons-io\2.6\commons-io-2.6.jar;C:\Users\IT99\.m2\repository\org\apache\poi\poi-ooxml-schemas\4.1.1\poi-ooxml-schemas-4.1.1.jar;C:\Users\IT99\.m2\repository\org\apache\xmlbeans\xmlbeans\3.1.0\xmlbeans-3.1.0.jar;C:\Users\IT99\.m2\repository\org\apache\poi\poi-scratchpad\4.1.1\poi-scratchpad-4.1.1.jar;C:\Users\IT99\.m2\repository\org\apache\poi\openxml4j\1.0-beta\openxml4j-1.0-beta.jar;C:\Users\IT99\.m2\repository\dom4j\dom4j\1.6.1\dom4j-1.6.1.jar;C:\Users\IT99\.m2\repository\xml-apis\xml-apis\1.0.b2\xml-apis-1.0.b2.jar;C:\Users\IT99\.m2\repository\log4j\log4j\1.2.8\log4j-1.2.8.jar;C:\Users\IT99\.m2\repository\com\relevantcodes\extentreports\2.41.2\extentreports-2.41.2.jar;C:\Users\IT99\.m2\repository\org\jsoup\jsoup\1.8.3\jsoup-1.8.3.jar;C:\Users\IT99\.m2\repository\org\xerial\sqlite-jdbc\3.8.11.1\sqlite-jdbc-3.8.11.1.jar;C:\Users\IT99\.m2\repository\org\freemarker\freemarker\2.3.23\freemarker-2.3.23.jar;C:\Users\IT99\.m2\repository\org\mongodb\mongodb-driver\3.0.4\mongodb-driver-3.0.4.jar;C:\Users\IT99\.m2\repository\org\mongodb\bson\3.0.4\bson-3.0.4.jar;C:\Users\IT99\.m2\repository\org\mongodb\mongodb-driver-core\3.0.4\mongodb-driver-core-3.0.4.jar;C:\Users\IT99\.m2\repository\org\testng\testng\7.4.0\testng-7.4.0.jar;C:\Users\IT99\.m2\repository\com\beust\jcommander\1.78\jcommander-1.78.jar;C:\Users\IT99\.m2\repository\org\webjars\jquery\3.5.1\jquery-3.5.1.jar;C:\Users\IT99\.m2\repository\org\seleniumhq\selenium\selenium-java\3.141.59\selenium-java-3.141.59.jar;C:\Users\IT99\.m2\repository\org\seleniumhq\selenium\selenium-api\3.141.59\selenium-api-3.141.59.jar;C:\Users\IT99\.m2\repository\org\seleniumhq\selenium\selenium-chrome-driver\3.141.59\selenium-chrome-driver-3.141.59.jar;C:\Users\IT99\.m2\repository\org\seleniumhq\selenium\selenium-edge-driver\3.141.59\selenium-edge-driver-3.141.59.jar;C:\Users\IT99\.m2\repository\org\seleniumhq\selenium\selenium-firefox-driver\3.141.59\selenium-firefox-driver-3.141.59.jar;C:\Users\IT99\.m2\repository\org\seleniumhq\selenium\selenium-ie-driver\3.141.59\selenium-ie-driver-3.141.59.jar;C:\Users\IT99\.m2\repository\org\seleniumhq\selenium\selenium-opera-driver\3.141.59\selenium-opera-driver-3.141.59.jar;C:\Users\IT99\.m2\repository\org\seleniumhq\selenium\selenium-remote-driver\3.141.59\selenium-remote-driver-3.141.59.jar;C:\Users\IT99\.m2\repository\org\seleniumhq\selenium\selenium-safari-driver\3.141.59\selenium-safari-driver-3.141.59.jar;C:\Users\IT99\.m2\repository\org\seleniumhq\selenium\selenium-support\3.141.59\selenium-support-3.141.59.jar;C:\Users\IT99\.m2\repository\net\bytebuddy\byte-buddy\1.8.15\byte-buddy-1.8.15.jar;C:\Users\IT99\.m2\repository\org\apache\commons\commons-exec\1.3\commons-exec-1.3.jar;C:\Users\IT99\.m2\repository\com\google\guava\guava\25.0-jre\guava-25.0-jre.jar;C:\Users\IT99\.m2\repository\com\google\code\findbugs\jsr305\1.3.9\jsr305-1.3.9.jar;C:\Users\IT99\.m2\repository\org\checkerframework\checker-compat-qual\2.0.0\checker-compat-qual-2.0.0.jar;C:\Users\IT99\.m2\repository\com\google\errorprone\error_prone_annotations\2.1.3\error_prone_annotations-2.1.3.jar;C:\Users\IT99\.m2\repository\com\google\j2objc\j2objc-annotations\1.1\j2objc-annotations-1.1.jar;C:\Users\IT99\.m2\repository\org\codehaus\mojo\animal-sniffer-annotations\1.14\animal-sniffer-annotations-1.14.jar;C:\Users\IT99\.m2\repository\com\squareup\okhttp3\okhttp\3.11.0\okhttp-3.11.0.jar;C:\Users\IT99\.m2\repository\com\squareup\okio\okio\1.14.0\okio-1.14.0.jar;C:\Users\IT99\.m2\repository\io\rest-assured\rest-assured\4.4.0\rest-assured-4.4.0.jar;C:\Users\IT99\.m2\repository\org\codehaus\groovy\groovy\3.0.8\groovy-3.0.8.jar;C:\Users\IT99\.m2\repository\org\codehaus\groovy\groovy-xml\3.0.8\groovy-xml-3.0.8.jar;C:\Users\IT99\.m2\repository\org\apache\httpcomponents\httpclient\4.5.13\httpclient-4.5.13.jar;C:\Users\IT99\.m2\repository\org\apache\httpcomponents\httpcore\4.4.13\httpcore-4.4.13.jar;C:\Users\IT99\.m2\repository\commons-logging\commons-logging\1.2\commons-logging-1.2.jar;C:\Users\IT99\.m2\repository\org\apache\httpcomponents\httpmime\4.5.13\httpmime-4.5.13.jar;C:\Users\IT99\.m2\repository\org\hamcrest\hamcrest\2.1\hamcrest-2.1.jar;C:\Users\IT99\.m2\repository\org\ccil\cowan\tagsoup\tagsoup\1.2.1\tagsoup-1.2.1.jar;C:\Users\IT99\.m2\repository\io\rest-assured\json-path\4.4.0\json-path-4.4.0.jar;C:\Users\IT99\.m2\repository\org\codehaus\groovy\groovy-json\3.0.8\groovy-json-3.0.8.jar;C:\Users\IT99\.m2\repository\io\rest-assured\rest-assured-common\4.4.0\rest-assured-common-4.4.0.jar;C:\Users\IT99\.m2\repository\io\rest-assured\xml-path\4.4.0\xml-path-4.4.0.jar;C:\Users\IT99\.m2\repository\org\apache\commons\commons-lang3\3.11\commons-lang3-3.11.jar;C:\Users\IT99\.m2\repository\jakarta\xml\bind\jakarta.xml.bind-api\2.3.3\jakarta.xml.bind-api-2.3.3.jar;C:\Users\IT99\.m2\repository\jakarta\activation\jakarta.activation-api\1.2.2\jakarta.activation-api-1.2.2.jar;C:\Users\IT99\.m2\repository\com\sun\xml\bind\jaxb-impl\2.3.3\jaxb-impl-2.3.3.jar;"/>
    <property name="java.vm.vendor" value="Oracle Corporation"/>
    <property name="sun.arch.data.model" value="64"/>
    <property name="user.variant" value=""/>
    <property name="java.vendor.url" value="http://java.oracle.com/"/>
    <property name="user.timezone" value="Asia/Calcutta"/>
    <property name="java.vm.specification.version" value="1.8"/>
    <property name="os.name" value="Windows 10"/>
    <property name="user.country" value="IN"/>
    <property name="sun.java.launcher" value="SUN_STANDARD"/>
    <property name="sun.boot.library.path" value="C:\Program Files\Java\jdk1.8.0_161\jre\bin"/>
    <property name="sun.java.command" value="C:\Users\IT99\AppData\Local\Temp\surefire9105637621853675776\surefirebooter2840120535310239370.jar C:\Users\IT99\AppData\Local\Temp\surefire9105637621853675776 2021-09-06T17-58-06_524-jvmRun1 surefire6140729239106993242tmp surefire_08489681246433745383tmp"/>
    <property name="surefire.test.class.path" value="D:\Eclipse\WorkSpace\GORESTAPIAUTOMATION\target\test-classes;D:\Eclipse\WorkSpace\GORESTAPIAUTOMATION\target\classes;C:\Users\IT99\.m2\repository\org\apache\poi\poi\4.1.1\poi-4.1.1.jar;C:\Users\IT99\.m2\repository\commons-codec\commons-codec\1.13\commons-codec-1.13.jar;C:\Users\IT99\.m2\repository\org\apache\commons\commons-collections4\4.4\commons-collections4-4.4.jar;C:\Users\IT99\.m2\repository\org\apache\commons\commons-math3\3.6.1\commons-math3-3.6.1.jar;C:\Users\IT99\.m2\repository\org\apache\poi\poi-ooxml\4.1.1\poi-ooxml-4.1.1.jar;C:\Users\IT99\.m2\repository\org\apache\commons\commons-compress\1.19\commons-compress-1.19.jar;C:\Users\IT99\.m2\repository\com\github\virtuald\curvesapi\1.06\curvesapi-1.06.jar;C:\Users\IT99\.m2\repository\org\apache\maven\plugins\maven-surefire-plugin\3.0.0-M5\maven-surefire-plugin-3.0.0-M5.jar;C:\Users\IT99\.m2\repository\org\apache\maven\surefire\maven-surefire-common\3.0.0-M5\maven-surefire-common-3.0.0-M5.jar;C:\Users\IT99\.m2\repository\org\apache\maven\surefire\surefire-api\3.0.0-M5\surefire-api-3.0.0-M5.jar;C:\Users\IT99\.m2\repository\org\apache\maven\surefire\surefire-logger-api\3.0.0-M5\surefire-logger-api-3.0.0-M5.jar;C:\Users\IT99\.m2\repository\org\apache\maven\surefire\surefire-extensions-api\3.0.0-M5\surefire-extensions-api-3.0.0-M5.jar;C:\Users\IT99\.m2\repository\org\apache\maven\surefire\surefire-booter\3.0.0-M5\surefire-booter-3.0.0-M5.jar;C:\Users\IT99\.m2\repository\org\apache\maven\surefire\surefire-extensions-spi\3.0.0-M5\surefire-extensions-spi-3.0.0-M5.jar;C:\Users\IT99\.m2\repository\org\apache\maven\maven-toolchain\3.0-alpha-2\maven-toolchain-3.0-alpha-2.jar;C:\Users\IT99\.m2\repository\org\apache\maven\shared\maven-artifact-transfer\0.11.0\maven-artifact-transfer-0.11.0.jar;C:\Users\IT99\.m2\repository\org\apache\maven\shared\maven-common-artifact-filters\3.0.1\maven-common-artifact-filters-3.0.1.jar;C:\Users\IT99\.m2\repository\org\apache\maven\maven-model\3.0\maven-model-3.0.jar;C:\Users\IT99\.m2\repository\org\apache\maven\maven-plugin-api\3.0\maven-plugin-api-3.0.jar;C:\Users\IT99\.m2\repository\org\sonatype\sisu\sisu-inject-plexus\1.4.2\sisu-inject-plexus-1.4.2.jar;C:\Users\IT99\.m2\repository\org\codehaus\plexus\plexus-classworlds\2.2.3\plexus-classworlds-2.2.3.jar;C:\Users\IT99\.m2\repository\org\sonatype\sisu\sisu-inject-bean\1.4.2\sisu-inject-bean-1.4.2.jar;C:\Users\IT99\.m2\repository\org\sonatype\sisu\sisu-guice\2.1.7\sisu-guice-2.1.7-noaop.jar;C:\Users\IT99\.m2\repository\org\apache\maven\shared\maven-shared-utils\3.1.0\maven-shared-utils-3.1.0.jar;C:\Users\IT99\.m2\repository\org\codehaus\plexus\plexus-java\1.0.5\plexus-java-1.0.5.jar;C:\Users\IT99\.m2\repository\org\ow2\asm\asm\7.2\asm-7.2.jar;C:\Users\IT99\.m2\repository\com\thoughtworks\qdox\qdox\2.0-M9\qdox-2.0-M9.jar;C:\Users\IT99\.m2\repository\org\apache\maven\surefire\surefire-shared-utils\3.0.0-M4\surefire-shared-utils-3.0.0-M4.jar;C:\Users\IT99\.m2\repository\commons-io\commons-io\2.6\commons-io-2.6.jar;C:\Users\IT99\.m2\repository\org\apache\poi\poi-ooxml-schemas\4.1.1\poi-ooxml-schemas-4.1.1.jar;C:\Users\IT99\.m2\repository\org\apache\xmlbeans\xmlbeans\3.1.0\xmlbeans-3.1.0.jar;C:\Users\IT99\.m2\repository\org\apache\poi\poi-scratchpad\4.1.1\poi-scratchpad-4.1.1.jar;C:\Users\IT99\.m2\repository\org\apache\poi\openxml4j\1.0-beta\openxml4j-1.0-beta.jar;C:\Users\IT99\.m2\repository\dom4j\dom4j\1.6.1\dom4j-1.6.1.jar;C:\Users\IT99\.m2\repository\xml-apis\xml-apis\1.0.b2\xml-apis-1.0.b2.jar;C:\Users\IT99\.m2\repository\log4j\log4j\1.2.8\log4j-1.2.8.jar;C:\Users\IT99\.m2\repository\com\relevantcodes\extentreports\2.41.2\extentreports-2.41.2.jar;C:\Users\IT99\.m2\repository\org\jsoup\jsoup\1.8.3\jsoup-1.8.3.jar;C:\Users\IT99\.m2\repository\org\xerial\sqlite-jdbc\3.8.11.1\sqlite-jdbc-3.8.11.1.jar;C:\Users\IT99\.m2\repository\org\freemarker\freemarker\2.3.23\freemarker-2.3.23.jar;C:\Users\IT99\.m2\repository\org\mongodb\mongodb-driver\3.0.4\mongodb-driver-3.0.4.jar;C:\Users\IT99\.m2\repository\org\mongodb\bson\3.0.4\bson-3.0.4.jar;C:\Users\IT99\.m2\repository\org\mongodb\mongodb-driver-core\3.0.4\mongodb-driver-core-3.0.4.jar;C:\Users\IT99\.m2\repository\org\testng\testng\7.4.0\testng-7.4.0.jar;C:\Users\IT99\.m2\repository\com\beust\jcommander\1.78\jcommander-1.78.jar;C:\Users\IT99\.m2\repository\org\webjars\jquery\3.5.1\jquery-3.5.1.jar;C:\Users\IT99\.m2\repository\org\seleniumhq\selenium\selenium-java\3.141.59\selenium-java-3.141.59.jar;C:\Users\IT99\.m2\repository\org\seleniumhq\selenium\selenium-api\3.141.59\selenium-api-3.141.59.jar;C:\Users\IT99\.m2\repository\org\seleniumhq\selenium\selenium-chrome-driver\3.141.59\selenium-chrome-driver-3.141.59.jar;C:\Users\IT99\.m2\repository\org\seleniumhq\selenium\selenium-edge-driver\3.141.59\selenium-edge-driver-3.141.59.jar;C:\Users\IT99\.m2\repository\org\seleniumhq\selenium\selenium-firefox-driver\3.141.59\selenium-firefox-driver-3.141.59.jar;C:\Users\IT99\.m2\repository\org\seleniumhq\selenium\selenium-ie-driver\3.141.59\selenium-ie-driver-3.141.59.jar;C:\Users\IT99\.m2\repository\org\seleniumhq\selenium\selenium-opera-driver\3.141.59\selenium-opera-driver-3.141.59.jar;C:\Users\IT99\.m2\repository\org\seleniumhq\selenium\selenium-remote-driver\3.141.59\selenium-remote-driver-3.141.59.jar;C:\Users\IT99\.m2\repository\org\seleniumhq\selenium\selenium-safari-driver\3.141.59\selenium-safari-driver-3.141.59.jar;C:\Users\IT99\.m2\repository\org\seleniumhq\selenium\selenium-support\3.141.59\selenium-support-3.141.59.jar;C:\Users\IT99\.m2\repository\net\bytebuddy\byte-buddy\1.8.15\byte-buddy-1.8.15.jar;C:\Users\IT99\.m2\repository\org\apache\commons\commons-exec\1.3\commons-exec-1.3.jar;C:\Users\IT99\.m2\repository\com\google\guava\guava\25.0-jre\guava-25.0-jre.jar;C:\Users\IT99\.m2\repository\com\google\code\findbugs\jsr305\1.3.9\jsr305-1.3.9.jar;C:\Users\IT99\.m2\repository\org\checkerframework\checker-compat-qual\2.0.0\checker-compat-qual-2.0.0.jar;C:\Users\IT99\.m2\repository\com\google\errorprone\error_prone_annotations\2.1.3\error_prone_annotations-2.1.3.jar;C:\Users\IT99\.m2\repository\com\google\j2objc\j2objc-annotations\1.1\j2objc-annotations-1.1.jar;C:\Users\IT99\.m2\repository\org\codehaus\mojo\animal-sniffer-annotations\1.14\animal-sniffer-annotations-1.14.jar;C:\Users\IT99\.m2\repository\com\squareup\okhttp3\okhttp\3.11.0\okhttp-3.11.0.jar;C:\Users\IT99\.m2\repository\com\squareup\okio\okio\1.14.0\okio-1.14.0.jar;C:\Users\IT99\.m2\repository\io\rest-assured\rest-assured\4.4.0\rest-assured-4.4.0.jar;C:\Users\IT99\.m2\repository\org\codehaus\groovy\groovy\3.0.8\groovy-3.0.8.jar;C:\Users\IT99\.m2\repository\org\codehaus\groovy\groovy-xml\3.0.8\groovy-xml-3.0.8.jar;C:\Users\IT99\.m2\repository\org\apache\httpcomponents\httpclient\4.5.13\httpclient-4.5.13.jar;C:\Users\IT99\.m2\repository\org\apache\httpcomponents\httpcore\4.4.13\httpcore-4.4.13.jar;C:\Users\IT99\.m2\repository\commons-logging\commons-logging\1.2\commons-logging-1.2.jar;C:\Users\IT99\.m2\repository\org\apache\httpcomponents\httpmime\4.5.13\httpmime-4.5.13.jar;C:\Users\IT99\.m2\repository\org\hamcrest\hamcrest\2.1\hamcrest-2.1.jar;C:\Users\IT99\.m2\repository\org\ccil\cowan\tagsoup\tagsoup\1.2.1\tagsoup-1.2.1.jar;C:\Users\IT99\.m2\repository\io\rest-assured\json-path\4.4.0\json-path-4.4.0.jar;C:\Users\IT99\.m2\repository\org\codehaus\groovy\groovy-json\3.0.8\groovy-json-3.0.8.jar;C:\Users\IT99\.m2\repository\io\rest-assured\rest-assured-common\4.4.0\rest-assured-common-4.4.0.jar;C:\Users\IT99\.m2\repository\io\rest-assured\xml-path\4.4.0\xml-path-4.4.0.jar;C:\Users\IT99\.m2\repository\org\apache\commons\commons-lang3\3.11\commons-lang3-3.11.jar;C:\Users\IT99\.m2\repository\jakarta\xml\bind\jakarta.xml.bind-api\2.3.3\jakarta.xml.bind-api-2.3.3.jar;C:\Users\IT99\.m2\repository\jakarta\activation\jakarta.activation-api\1.2.2\jakarta.activation-api-1.2.2.jar;C:\Users\IT99\.m2\repository\com\sun\xml\bind\jaxb-impl\2.3.3\jaxb-impl-2.3.3.jar;"/>
    <property name="sun.cpu.endian" value="little"/>
    <property name="user.home" value="C:\Users\IT99"/>
    <property name="user.language" value="en"/>
    <property name="java.specification.vendor" value="Oracle Corporation"/>
    <property name="java.home" value="C:\Program Files\Java\jdk1.8.0_161\jre"/>
    <property name="basedir" value="D:\Eclipse\WorkSpace\GORESTAPIAUTOMATION"/>
    <property name="file.separator" value="\"/>
    <property name="line.separator" value="&#10;"/>
    <property name="java.vm.specification.vendor" value="Oracle Corporation"/>
    <property name="java.specification.name" value="Java Platform API Specification"/>
    <property name="java.awt.graphicsenv" value="sun.awt.Win32GraphicsEnvironment"/>
    <property name="surefire.real.class.path" value="C:\Users\IT99\AppData\Local\Temp\surefire9105637621853675776\surefirebooter2840120535310239370.jar"/>
    <property name="sun.boot.class.path" value="C:\Program Files\Java\jdk1.8.0_161\jre\lib\resources.jar;C:\Program Files\Java\jdk1.8.0_161\jre\lib\rt.jar;C:\Program Files\Java\jdk1.8.0_161\jre\lib\sunrsasign.jar;C:\Program Files\Java\jdk1.8.0_161\jre\lib\jsse.jar;C:\Program Files\Java\jdk1.8.0_161\jre\lib\jce.jar;C:\Program Files\Java\jdk1.8.0_161\jre\lib\charsets.jar;C:\Program Files\Java\jdk1.8.0_161\jre\lib\jfr.jar;C:\Program Files\Java\jdk1.8.0_161\jre\classes"/>
    <property name="user.script" value=""/>
    <property name="sun.management.compiler" value="HotSpot 64-Bit Tiered Compilers"/>
    <property name="java.runtime.version" value="1.8.0_161-b12"/>
    <property name="user.name" value="IT99"/>
    <property name="path.separator" value=";"/>
    <property name="os.version" value="10.0"/>
    <property name="java.endorsed.dirs" value="C:\Program Files\Java\jdk1.8.0_161\jre\lib\endorsed"/>
    <property name="java.runtime.name" value="Java(TM) SE Runtime Environment"/>
    <property name="file.encoding" value="Cp1252"/>
    <property name="java.vm.name" value="Java HotSpot(TM) 64-Bit Server VM"/>
    <property name="localRepository" value="C:\Users\IT99\.m2\repository"/>
    <property name="java.vendor.url.bug" value="http://bugreport.sun.com/bugreport/"/>
    <property name="java.io.tmpdir" value="C:\Users\IT99\AppData\Local\Temp\"/>
    <property name="java.version" value="1.8.0_161"/>
    <property name="user.dir" value="D:\Eclipse\WorkSpace\GORESTAPIAUTOMATION"/>
    <property name="os.arch" value="amd64"/>
    <property name="java.vm.specification.name" value="Java Virtual Machine Specification"/>
    <property name="java.awt.printerjob" value="sun.awt.windows.WPrinterJob"/>
    <property name="sun.os.patch.level" value=""/>
    <property name="java.library.path" value="C:\Program Files\Java\jdk1.8.0_161\jre\bin;C:\WINDOWS\Sun\Java\bin;C:\WINDOWS\system32;C:\WINDOWS;C:\Users\IT99\Downloads\apache-maven-3.6.1/bin;C:\Program Files\Java\jdk1.8.0_161/bin;C:\Program Files\Java\jdk1.8.0_161/bin;C:\Program Files (x86)\Common Files\Oracle\Java\javapath;C:\Program Files (x86)\Common Files\Intel\Shared Libraries\redist\intel64\compiler;C:\Python27\;C:\Python27\Scripts;C:\ProgramData\Oracle\Java\javapath;C:\WINDOWS\system32;C:\WINDOWS;C:\WINDOWS\System32\Wbem;C:\WINDOWS\System32\WindowsPowerShell\v1.0\;C:\Users\IT99\.dnx\bin;C:\Program Files\Microsoft DNX\Dnvm\;C:\Program Files\Microsoft SQL Server\Client SDK\ODBC\110\Tools\Binn\;C:\Program Files (x86)\Microsoft SQL Server\120\Tools\Binn\;C:\Program Files\Microsoft SQL Server\120\Tools\Binn\;C:\Program Files\Microsoft SQL Server\120\DTS\Binn\;C:\Program Files (x86)\Microsoft SQL Server\Client SDK\ODBC\130\Tools\Binn\;C:\Program Files (x86)\Microsoft SQL Server\140\Tools\Binn\;C:\Program Files (x86)\Microsoft SQL Server\140\DTS\Binn\;C:\Program Files (x86)\Microsoft SQL Server\140\Tools\Binn\ManagementStudio\;C:\Program Files (x86)\dotnet\;C:\WINDOWS\System32\OpenSSH\;C:\Program Files\Git\cmd;C:\Users\IT99\AppData\Local\Microsoft\WindowsApps;C:\adb;C:\Program Files\Java\jdk1.8.0_161\bin;C:\Users\IT99\Downloads\apache-maven-3.6.1\bin;C:\ProgramData\chocolatey\bin;C:\WINDOWS\system32;C:\WINDOWS;C:\WINDOWS\System32\Wbem;C:\WINDOWS\System32\WindowsPowerShell\v1.0\;C:\WINDOWS\System32\OpenSSH\;C:\Program Files\nodejs\;C:\Program Files\Microsoft SQL Server\130\Tools\Binn\;C:\Program Files\Microsoft SQL Server\Client SDK\ODBC\170\Tools\Binn\;C:\Program Files\SAP\SAP Business One DI API\JCO\LIB\;C:\Program Files\SAP\SAP Business One DI API\DI API 90;C:\Program Files\dotnet\;C:\MinGW\bin;C:\Users\IT99\AppData\Local\Programs\Python\Python39\Scripts\;C:\Users\IT99\AppData\Local\Programs\Python\Python39\;C:\Users\IT99\scoop\shims;C:\Users\IT99\AppData\Local\Microsoft\WindowsApps;C:\Program Files\Java\jdk1.8.0_161\bin;C:\Users\IT99\Downloads\apache-maven-3.6.1\bin;;C:\Users\IT99\AppData\Local\Programs\Microsoft VS Code\bin;C:\Users\IT99\AppData\Roaming\npm;C:\Users\IT99\.dotnet\tools;C:\Program Files\JetBrains\PyCharm Community Edition 2020.3.3\bin;;C:\Users\IT99\.dotnet\tools;C:\Users\IT99\AppData\Local\Microsoft\WindowsApps;."/>
    <property name="java.vm.info" value="mixed mode"/>
    <property name="java.vendor" value="Oracle Corporation"/>
    <property name="java.vm.version" value="25.161-b12"/>
    <property name="java.ext.dirs" value="C:\Program Files\Java\jdk1.8.0_161\jre\lib\ext;C:\WINDOWS\Sun\Java\lib\ext"/>
    <property name="sun.io.unicode.encoding" value="UnicodeLittle"/>
    <property name="java.class.version" value="52.0"/>
  </properties>
  <testcase name="getUserList" classname="org.gorest.api.tests.GetUserListTest" time="3.587">
    <system-out><![CDATA[HTTP/1.1 200 OK
Server: nginx
Date: Mon, 06 Sep 2021 12:28:14 GMT
Content-Type: application/json; charset=utf-8
Transfer-Encoding: chunked
Connection: keep-alive
Vary: Accept-Encoding
X-Frame-Options: SAMEORIGIN
X-XSS-Protection: 1; mode=block
X-Content-Type-Options: nosniff
X-Download-Options: noopen
X-Permitted-Cross-Domain-Policies: none
Referrer-Policy: strict-origin-when-cross-origin
ETag: W/"1ab288f96a8b0d27f7441820b6fbd5c3"
Cache-Control: max-age=0, private, must-revalidate
X-Request-Id: 3d744f4c-9e75-4e45-bd3d-d5ef68adea13
X-Runtime: 0.013020
Strict-Transport-Security: max-age=63072000; includeSubDomains
Vary: Origin
Content-Encoding: gzip

{
    "meta": {
        "pagination": {
            "total": 1511,
            "pages": 76,
            "page": 1,
            "limit": 20,
            "links": {
                "previous": null,
                "current": "https://gorest.co.in/public/v1/users?page=1",
                "next": "https://gorest.co.in/public/v1/users?page=2"
            }
        }
    },
    "data": [
        {
            "id": 36,
            "name": "Rageswari Embranthiri",
            "email": "rageswari_embranthiri@larson-renner.net",
            "gender": "female",
            "status": "active"
        },
        {
            "id": 37,
            "name": "Chakravarti Guneta",
            "email": "guneta_chakravarti@satterfield.info",
            "gender": "female",
            "status": "active"
        },
        {
            "id": 38,
            "name": "Kartik Pilla",
            "email": "pilla_kartik@leuschke.io",
            "gender": "female",
            "status": "active"
        },
        {
            "id": 41,
            "name": "Ghanaanand Mishra MD",
            "email": "ghanaanand_mishra_md@grant-grimes.biz",
            "gender": "female",
            "status": "inactive"
        },
        {
            "id": 48,
            "name": "Jagadish Jain",
            "email": "jagadish_jain@bernhard.com",
            "gender": "male",
            "status": "inactive"
        },
        {
            "id": 49,
            "name": "Rev. Deeptendu Mishra",
            "email": "deeptendu_rev_mishra@kling.biz",
            "gender": "female",
            "status": "inactive"
        },
        {
            "id": 50,
            "name": "Geetanjali Banerjee",
            "email": "geetanjali_banerjee@friesen.io",
            "gender": "female",
            "status": "active"
        },
        {
            "id": 51,
            "name": "Acharyasuta Sethi",
            "email": "sethi_acharyasuta@green-pouros.info",
            "gender": "female",
            "status": "active"
        },
        {
            "id": 52,
            "name": "Atmaja Guha JD",
            "email": "atmaja_jd_guha@hyatt-mitchell.org",
            "gender": "male",
            "status": "active"
        },
        {
            "id": 54,
            "name": "Jitendra Bharadwaj",
            "email": "bharadwaj_jitendra@daugherty-wiza.com",
            "gender": "female",
            "status": "active"
        },
        {
            "id": 55,
            "name": "The Hon. Anwesha Pilla",
            "email": "hon_pilla_the_anwesha@hyatt.name",
            "gender": "male",
            "status": "inactive"
        },
        {
            "id": 56,
            "name": "Aishani Pandey",
            "email": "pandey_aishani@denesik.co",
            "gender": "male",
            "status": "inactive"
        },
        {
            "id": 57,
            "name": "Brajesh Saini",
            "email": "brajesh_saini@wisoky-reynolds.org",
            "gender": "male",
            "status": "active"
        },
        {
            "id": 58,
            "name": "Swapnil Ahuja II",
            "email": "ahuja_swapnil_ii@erdman.info",
            "gender": "female",
            "status": "inactive"
        },
        {
            "id": 59,
            "name": "Chandraayan Chattopadhyay",
            "email": "chandraayan_chattopadhyay@hoppe-lemke.biz",
            "gender": "female",
            "status": "inactive"
        },
        {
            "id": 62,
            "name": "Chanda Gowda",
            "email": "gowda_chanda@torp.io",
            "gender": "male",
            "status": "inactive"
        },
        {
            "id": 63,
            "name": "Fr. Himadri Nehru",
            "email": "himadri_fr_nehru@kuhn-bergstrom.info",
            "gender": "female",
            "status": "active"
        },
        {
            "id": 64,
            "name": "Vyas Abbott",
            "email": "vyas_abbott@kuhlman-stehr.co",
            "gender": "male",
            "status": "inactive"
        },
        {
            "id": 65,
            "name": "Mr. Chakor Pillai",
            "email": "pillai_mr_chakor@farrell.co",
            "gender": "female",
            "status": "active"
        },
        {
            "id": 67,
            "name": "Suryakantam Achari PhD",
            "email": "achari_phd_suryakantam@ratke.name",
            "gender": "male",
            "status": "inactive"
        }
    ]
}
Rageswari Embranthiri
Chakravarti Guneta
Kartik Pilla
Ghanaanand Mishra MD
Jagadish Jain
Rev. Deeptendu Mishra
Geetanjali Banerjee
Acharyasuta Sethi
Atmaja Guha JD
Jitendra Bharadwaj
The Hon. Anwesha Pilla
Aishani Pandey
Brajesh Saini
Swapnil Ahuja II
Chandraayan Chattopadhyay
Chanda Gowda
Fr. Himadri Nehru
Vyas Abbott
Mr. Chakor Pillai
Suryakantam Achari PhD
]]></system-out>
    <system-err><![CDATA[log4j:WARN No appenders could be found for logger (org.apache.http.impl.conn.BasicClientConnectionManager).
log4j:WARN Please initialize the log4j system properly.
]]></system-err>
  </testcase>
  <testcase name="createNewUser" classname="org.gorest.api.tests.CreateNewUserTest" time="3.822">
    <system-out><![CDATA[Body:
{
    "name": "SJFJV",
    "gender": "Male",
    "email": "FDFD@GMAIL.COM",
    "status": "active"
}
{
    "meta": null,
    "data": {
        "id": 1653,
        "name": "SJFJV",
        "email": "FDFD@GMAIL.COM",
        "gender": "male",
        "status": "active"
    }
}
Body:
{
    "name": "FVFVF",
    "gender": "Male",
    "email": "sFBBFB@gmail.com",
    "status": "active"
}
{
    "meta": null,
    "data": {
        "id": 1654,
        "name": "FVFVF",
        "email": "sFBBFB@gmail.com",
        "gender": "male",
        "status": "active"
    }
}
Body:
{
    "name": "BFBFB",
    "gender": "Male",
    "email": "shrikuVFVFVF@gmail.com",
    "status": "active"
}
{
    "meta": null,
    "data": {
        "id": 1655,
        "name": "BFBFB",
        "email": "shrikuVFVFVF@gmail.com",
        "gender": "male",
        "status": "active"
    }
}
Body:
{
    "name": " FBFDBFBFD",
    "gender": "Female",
    "email": "BFBFBFB@gmail.com",
    "status": "active"
}
{
    "meta": null,
    "data": {
        "id": 1656,
        "name": " FBFDBFBFD",
        "email": "BFBFBFB@gmail.com",
        "gender": "female",
        "status": "active"
    }
}
Body:
{
    "name": "QWERT",
    "gender": "Female",
    "email": "VFVFVFV12@gmail.com",
    "status": "active"
}
{
    "meta": null,
    "data": {
        "id": 1657,
        "name": "QWERT",
        "email": "VFVFVFV12@gmail.com",
        "gender": "female",
        "status": "active"
    }
}
Body:
{
    "name": "VFVGHG",
    "gender": "Female",
    "email": "xyz778898@gmail.com",
    "status": "active"
}
{
    "meta": null,
    "data": {
        "id": 1658,
        "name": "VFVGHG",
        "email": "xyz778898@gmail.com",
        "gender": "female",
        "status": "active"
    }
}
Body:
{
    "name": "VVFFF",
    "gender": "Female",
    "email": "ERT@gmail.com",
    "status": "active"
}
{
    "meta": null,
    "data": {
        "id": 1659,
        "name": "VVFFF",
        "email": "ERT@gmail.com",
        "gender": "female",
        "status": "active"
    }
}
]]></system-out>
  </testcase>
  <testcase name="deleteuser" classname="org.gorest.api.tests.DeleteUserTest" time="1.968">
    <system-out><![CDATA[HTTP/1.1 204 No Content
Server: nginx
Date: Mon, 06 Sep 2021 12:28:19 GMT
Connection: keep-alive
X-Frame-Options: SAMEORIGIN
X-XSS-Protection: 1; mode=block
X-Content-Type-Options: nosniff
X-Download-Options: noopen
X-Permitted-Cross-Domain-Policies: none
Referrer-Policy: strict-origin-when-cross-origin
Cache-Control: no-cache
X-Request-Id: 998e2f50-0282-47de-b1d5-b800d353a2bb
X-Runtime: 0.012709
Strict-Transport-Security: max-age=63072000; includeSubDomains
Vary: Origin
1653 Deleted Succesdully
HTTP/1.1 204 No Content
Server: nginx
Date: Mon, 06 Sep 2021 12:28:20 GMT
Connection: keep-alive
X-Frame-Options: SAMEORIGIN
X-XSS-Protection: 1; mode=block
X-Content-Type-Options: nosniff
X-Download-Options: noopen
X-Permitted-Cross-Domain-Policies: none
Referrer-Policy: strict-origin-when-cross-origin
Cache-Control: no-cache
X-Request-Id: 2822ef72-2078-4d7b-9ecc-50234716aeea
X-Runtime: 0.014370
Strict-Transport-Security: max-age=63072000; includeSubDomains
Vary: Origin
1654 Deleted Succesdully
HTTP/1.1 204 No Content
Server: nginx
Date: Mon, 06 Sep 2021 12:28:20 GMT
Connection: keep-alive
X-Frame-Options: SAMEORIGIN
X-XSS-Protection: 1; mode=block
X-Content-Type-Options: nosniff
X-Download-Options: noopen
X-Permitted-Cross-Domain-Policies: none
Referrer-Policy: strict-origin-when-cross-origin
Cache-Control: no-cache
X-Request-Id: 7649fdd9-94ca-4822-acde-64cb5cae356a
X-Runtime: 0.012497
Strict-Transport-Security: max-age=63072000; includeSubDomains
Vary: Origin
1655 Deleted Succesdully
HTTP/1.1 204 No Content
Server: nginx
Date: Mon, 06 Sep 2021 12:28:20 GMT
Connection: keep-alive
X-Frame-Options: SAMEORIGIN
X-XSS-Protection: 1; mode=block
X-Content-Type-Options: nosniff
X-Download-Options: noopen
X-Permitted-Cross-Domain-Policies: none
Referrer-Policy: strict-origin-when-cross-origin
Cache-Control: no-cache
X-Request-Id: 30237892-275c-45dd-8de0-a848487c31c0
X-Runtime: 0.011754
Strict-Transport-Security: max-age=63072000; includeSubDomains
Vary: Origin
1656 Deleted Succesdully
HTTP/1.1 204 No Content
Server: nginx
Date: Mon, 06 Sep 2021 12:28:21 GMT
Connection: keep-alive
X-Frame-Options: SAMEORIGIN
X-XSS-Protection: 1; mode=block
X-Content-Type-Options: nosniff
X-Download-Options: noopen
X-Permitted-Cross-Domain-Policies: none
Referrer-Policy: strict-origin-when-cross-origin
Cache-Control: no-cache
X-Request-Id: 7f182b20-62fa-4b57-855c-54f098447030
X-Runtime: 0.012932
Strict-Transport-Security: max-age=63072000; includeSubDomains
Vary: Origin
1657 Deleted Succesdully
HTTP/1.1 204 No Content
Server: nginx
Date: Mon, 06 Sep 2021 12:28:21 GMT
Connection: keep-alive
X-Frame-Options: SAMEORIGIN
X-XSS-Protection: 1; mode=block
X-Content-Type-Options: nosniff
X-Download-Options: noopen
X-Permitted-Cross-Domain-Policies: none
Referrer-Policy: strict-origin-when-cross-origin
Cache-Control: no-cache
X-Request-Id: e61eaa06-c921-4c06-8212-a6ce30ef9a94
X-Runtime: 0.011985
Strict-Transport-Security: max-age=63072000; includeSubDomains
Vary: Origin
1658 Deleted Succesdully
HTTP/1.1 204 No Content
Server: nginx
Date: Mon, 06 Sep 2021 12:28:21 GMT
Connection: keep-alive
X-Frame-Options: SAMEORIGIN
X-XSS-Protection: 1; mode=block
X-Content-Type-Options: nosniff
X-Download-Options: noopen
X-Permitted-Cross-Domain-Policies: none
Referrer-Policy: strict-origin-when-cross-origin
Cache-Control: no-cache
X-Request-Id: 9ac1d9a0-45cb-469f-905c-a1f0ad52c144
X-Runtime: 0.014213
Strict-Transport-Security: max-age=63072000; includeSubDomains
Vary: Origin
1659 Deleted Succesdully
]]></system-out>
  </testcase>
</testsuite>