<?xml version="1.0" encoding="UTF-8"?>
<!-- Generated by org.testng.reporters.JUnitReportReporter -->
<testsuite hostname="IT-99" failures="0" tests="1" name="org.gorest.api.tests.CreateNewUserTest" time="6.010" errors="0" timestamp="2021-09-06T12:12:26 IST" skipped="0">
  <testcase classname="org.gorest.api.tests.CreateNewUserTest" name="createNewUser" time="6.010"/>
  <system-out/>
</testsuite> <!-- org.gorest.api.tests.CreateNewUserTest -->
