<?xml version="1.0" encoding="UTF-8"?>
<!-- Generated by org.testng.reporters.JUnitReportReporter -->
<testsuite hostname="IT-99" failures="0" tests="1" name="org.gorest.api.tests.GetUserListTest" time="2.844" errors="0" timestamp="2021-09-05T20:25:12 IST" skipped="0">
  <testcase classname="org.gorest.api.tests.GetUserListTest" name="getUserList" time="2.844"/>
  <system-out/>
</testsuite> <!-- org.gorest.api.tests.GetUserListTest -->
