<?xml version="1.0" encoding="UTF-8"?>
<!-- Generated by org.testng.reporters.JUnitReportReporter -->
<testsuite skipped="0" hostname="IT-99" name="org.gorest.api.tests.DeleteUserTest" tests="1" failures="0" timestamp="2021-09-06T17:58:19 IST" time="1.968" errors="0">
  <testcase name="deleteuser" time="1.968" classname="org.gorest.api.tests.DeleteUserTest"/>
  <system-out/>
</testsuite> <!-- org.gorest.api.tests.DeleteUserTest -->
