<?xml version="1.0" encoding="UTF-8"?>
<!-- Generated by org.testng.reporters.JUnitReportReporter -->
<testsuite skipped="0" hostname="IT-99" name="org.gorest.api.tests.GetUserListTest" tests="1" failures="0" timestamp="2021-09-06T17:58:19 IST" time="3.458" errors="0">
  <testcase name="getUserList" time="3.458" classname="org.gorest.api.tests.GetUserListTest"/>
  <system-out/>
</testsuite> <!-- org.gorest.api.tests.GetUserListTest -->
